[0m[[0m[0mdebug[0m] [0m[0m> Exec(submit eloyparra.b@gmail.com ntKVCjqicyJtwNO8, None, None)[0m
[0m[[0m[0mdebug[0m] [0m[0mEvaluating tasks: submit[0m
[0m[[0m[0mdebug[0m] [0m[0mRunning task... Cancel: Signal, check cycles: false, forcegc: true[0m
[0m[[0m[0minfo[0m] [0m[0mAttempting to submit "fireworks" assignment in "effective-scala" course[0m
[0m[[0m[0minfo[0m] [0m[0mUsing:[0m
[0m[[0m[0minfo[0m] [0m[0m- email: eloyparra.b@gmail.com[0m
[0m[[0m[0minfo[0m] [0m[0m- submit token: ntKVCjqicyJtwNO8[0m
[0m[[0m[0minfo[0m] [0m[0mConnecting to Coursera...[0m
[0m[[0m[0minfo[0m] [0m[0mSuccessfully connected to Coursera. (Status 201)[0m
[0m[[0m[0minfo[0m] [0m[0m[0m
[0m[[0m[0minfo[0m] [0m[0mAssignment submitted successfully![0m
[0m[[0m[0minfo[0m] [0m[0m[0m
[0m[[0m[0minfo[0m] [0m[0mYou can see how you scored by going to:[0m
[0m[[0m[0minfo[0m] [0m[0mhttps://www.coursera.org/learn/effective-scala/programming/jiQL9/[0m
[0m[[0m[0minfo[0m] [0m[0mor (for premium learners):[0m
[0m[[0m[0minfo[0m] [0m[0mhttps://www.coursera.org/learn/effective-scala/programming/MT64m[0m
[0m[[0m[0minfo[0m] [0m[0m                       [0m
[0m[[0m[0minfo[0m] [0m[0mand clicking on "My Submission".[0m
[0m[[0m[32msuccess[0m] [0m[0mTotal time: 1 s, completed Oct 30, 2021, 2:22:46 PM[0m
[0m[[0m[0mdebug[0m] [0m[0m> Exec(idea-shell, None, None)[0m
